MeterialDesign/build/intermediates/manifest_merge_blame_file/debug/manifest-merger-blame-debug-report.txt
1<?xml version="1.0" encoding="utf-8"?>
2<manifest xmlns:android="http://schemas.android.com/apk/res/android"
3    package="com.example.myapplication"
4    android:versionCode="1"
5    android:versionName="1.0" >
6
7    <uses-sdk
8        android:minSdkVersion="21"
8-->src/main/AndroidManifest.xml
9        android:targetSdkVersion="30" />
9-->src/main/AndroidManifest.xml
10
11    <application
11-->src/main/AndroidManifest.xml:5:5-23:19
12        android:name="com.example.myapplication.BaseApp"
12-->src/main/AndroidManifest.xml:6:9-32
13        android:allowBackup="true"
13-->src/main/AndroidManifest.xml:7:9-35
14        android:appComponentFactory="androidx.core.app.CoreComponentFactory"
14-->[androidx.core:core:1.3.2] AndroidManifest.xml:24:18-86
15        android:debuggable="true"
16        android:icon="@mipmap/ic_launcher"
16-->src/main/AndroidManifest.xml:8:9-43
17        android:label="@string/app_name"
17-->src/main/AndroidManifest.xml:9:9-41
18        android:roundIcon="@mipmap/ic_launcher_round"
18-->src/main/AndroidManifest.xml:10:9-54
19        android:supportsRtl="true"
19-->src/main/AndroidManifest.xml:11:9-35
20        android:testOnly="true"
21        android:theme="@style/AppTheme" >
21-->src/main/AndroidManifest.xml:12:9-40
22        <activity
22-->src/main/AndroidManifest.xml:13:9-15:62
23            android:name="com.example.myapplication.DetailActivity"
23-->src/main/AndroidManifest.xml:14:13-43
24            android:theme="@style/StatusBarTheme" />
24-->src/main/AndroidManifest.xml:15:13-50
25        <activity android:name="com.example.myapplication.MainActivity" >
25-->src/main/AndroidManifest.xml:16:9-22:20
25-->src/main/AndroidManifest.xml:16:19-47
26            <intent-filter>
26-->src/main/AndroidManifest.xml:17:13-21:29
27                <action android:name="android.intent.action.MAIN" />
27-->src/main/AndroidManifest.xml:18:17-69
27-->src/main/AndroidManifest.xml:18:25-66
28
29                <category android:name="android.intent.category.LAUNCHER" />
29-->src/main/AndroidManifest.xml:20:17-77
29-->src/main/AndroidManifest.xml:20:27-74
30            </intent-filter>
31        </activity>
32    </application>
33
34</manifest>